2024-10-12 15:40:14,743 - error - ERROR - Error occurred when loading the dataframe
2024-10-12 15:43:56,680 - error - ERROR - Error occurred when loading the dataframe
2024-10-12 15:43:56,680 - error - ERROR - Error occurred when loading the dataframe
2024-10-12 15:44:42,302 - error - ERROR - Error occurred when loading the dataframe
2024-10-12 15:44:42,302 - error - ERROR - Error occurred when loading the dataframe
2024-10-12 15:44:42,302 - error - ERROR - Error occurred when loading the dataframe
2024-10-12 15:45:25,001 - error - ERROR - Error occurred when loading the dataframe
2024-10-12 15:45:25,001 - error - ERROR - Error occurred when loading the dataframe
2024-10-12 15:45:25,001 - error - ERROR - Error occurred when loading the dataframe
2024-10-12 15:45:25,001 - error - ERROR - Error occurred when loading the dataframe
2024-10-12 15:46:14,023 - error - ERROR - Error occurred when loading the dataframe
2024-10-12 15:46:14,023 - error - ERROR - Error occurred when loading the dataframe
2024-10-12 15:46:14,023 - error - ERROR - Error occurred when loading the dataframe
2024-10-12 15:46:14,023 - error - ERROR - Error occurred when loading the dataframe
2024-10-12 15:46:14,023 - error - ERROR - Error occurred when loading the dataframe
2024-10-12 15:46:37,349 - error - ERROR - Error occurred when loading the dataframe
2024-10-12 15:46:37,349 - error - ERROR - Error occurred when loading the dataframe
2024-10-12 15:46:37,349 - error - ERROR - Error occurred when loading the dataframe
2024-10-12 15:46:37,349 - error - ERROR - Error occurred when loading the dataframe
2024-10-12 15:46:37,349 - error - ERROR - Error occurred when loading the dataframe
2024-10-12 15:46:37,349 - error - ERROR - Error occurred when loading the dataframe
2024-10-12 15:48:09,451 - error - ERROR - Error occurred when loading the dataframe
2024-10-12 15:48:09,451 - error - ERROR - Error occurred when loading the dataframe
2024-10-12 15:48:09,451 - error - ERROR - Error occurred when loading the dataframe
2024-10-12 15:48:09,451 - error - ERROR - Error occurred when loading the dataframe
2024-10-12 15:48:09,451 - error - ERROR - Error occurred when loading the dataframe
2024-10-12 15:48:09,451 - error - ERROR - Error occurred when loading the dataframe
2024-10-12 15:48:09,451 - error - ERROR - Error occurred when loading the dataframe
2024-10-12 15:48:42,235 - error - ERROR - Error occurred when loading the dataframe
2024-10-12 15:48:42,235 - error - ERROR - Error occurred when loading the dataframe
2024-10-12 15:48:42,235 - error - ERROR - Error occurred when loading the dataframe
2024-10-12 15:48:42,235 - error - ERROR - Error occurred when loading the dataframe
2024-10-12 15:48:42,235 - error - ERROR - Error occurred when loading the dataframe
2024-10-12 15:48:42,235 - error - ERROR - Error occurred when loading the dataframe
2024-10-12 15:48:42,235 - error - ERROR - Error occurred when loading the dataframe
2024-10-12 15:48:42,235 - error - ERROR - Error occurred when loading the dataframe
2024-10-12 15:49:16,323 - error - ERROR - Error occurred when loading the dataframe
2024-10-12 15:49:16,323 - error - ERROR - Error occurred when loading the dataframe
2024-10-12 15:49:16,323 - error - ERROR - Error occurred when loading the dataframe
2024-10-12 15:49:16,323 - error - ERROR - Error occurred when loading the dataframe
2024-10-12 15:49:16,323 - error - ERROR - Error occurred when loading the dataframe
2024-10-12 15:49:16,323 - error - ERROR - Error occurred when loading the dataframe
2024-10-12 15:49:16,323 - error - ERROR - Error occurred when loading the dataframe
2024-10-12 15:49:16,323 - error - ERROR - Error occurred when loading the dataframe
2024-10-12 15:49:16,323 - error - ERROR - Error occurred when loading the dataframe
2024-10-12 15:58:46,542 - error - ERROR - Error occurred when loading the dataframe
2024-10-12 15:58:46,542 - error - ERROR - Error occurred when loading the dataframe
2024-10-12 15:58:46,542 - error - ERROR - Error occurred when loading the dataframe
2024-10-12 15:58:46,542 - error - ERROR - Error occurred when loading the dataframe
2024-10-12 15:58:46,542 - error - ERROR - Error occurred when loading the dataframe
2024-10-12 15:58:46,542 - error - ERROR - Error occurred when loading the dataframe
2024-10-12 15:58:46,542 - error - ERROR - Error occurred when loading the dataframe
2024-10-12 15:58:46,542 - error - ERROR - Error occurred when loading the dataframe
2024-10-12 15:58:46,542 - error - ERROR - Error occurred when loading the dataframe
2024-10-12 15:58:46,542 - error - ERROR - Error occurred when loading the dataframe
2024-10-12 15:59:34,103 - error - ERROR - Error occurred when loading the dataframe
2024-10-12 15:59:34,103 - error - ERROR - Error occurred when loading the dataframe
2024-10-12 15:59:34,103 - error - ERROR - Error occurred when loading the dataframe
2024-10-12 15:59:34,103 - error - ERROR - Error occurred when loading the dataframe
2024-10-12 15:59:34,103 - error - ERROR - Error occurred when loading the dataframe
2024-10-12 15:59:34,103 - error - ERROR - Error occurred when loading the dataframe
2024-10-12 15:59:34,103 - error - ERROR - Error occurred when loading the dataframe
2024-10-12 15:59:34,103 - error - ERROR - Error occurred when loading the dataframe
2024-10-12 15:59:34,103 - error - ERROR - Error occurred when loading the dataframe
2024-10-12 15:59:34,103 - error - ERROR - Error occurred when loading the dataframe
2024-10-12 15:59:34,103 - error - ERROR - Error occurred when loading the dataframe
2024-10-12 15:59:39,928 - error - ERROR - Error occurred when loading the dataframe
2024-10-12 15:59:39,928 - error - ERROR - Error occurred when loading the dataframe
2024-10-12 15:59:39,928 - error - ERROR - Error occurred when loading the dataframe
2024-10-12 15:59:39,928 - error - ERROR - Error occurred when loading the dataframe
2024-10-12 15:59:39,928 - error - ERROR - Error occurred when loading the dataframe
2024-10-12 15:59:39,928 - error - ERROR - Error occurred when loading the dataframe
2024-10-12 15:59:39,928 - error - ERROR - Error occurred when loading the dataframe
2024-10-12 15:59:39,928 - error - ERROR - Error occurred when loading the dataframe
2024-10-12 15:59:39,928 - error - ERROR - Error occurred when loading the dataframe
2024-10-12 15:59:39,928 - error - ERROR - Error occurred when loading the dataframe
2024-10-12 15:59:39,928 - error - ERROR - Error occurred when loading the dataframe
2024-10-12 15:59:39,928 - error - ERROR - Error occurred when loading the dataframe
2024-10-12 16:01:01,301 - error - ERROR - Error occurred when loading the dataframe
2024-10-12 16:01:01,301 - error - ERROR - Error occurred when loading the dataframe
2024-10-12 16:01:01,301 - error - ERROR - Error occurred when loading the dataframe
2024-10-12 16:01:01,301 - error - ERROR - Error occurred when loading the dataframe
2024-10-12 16:01:01,301 - error - ERROR - Error occurred when loading the dataframe
2024-10-12 16:01:01,301 - error - ERROR - Error occurred when loading the dataframe
2024-10-12 16:01:01,301 - error - ERROR - Error occurred when loading the dataframe
2024-10-12 16:01:01,301 - error - ERROR - Error occurred when loading the dataframe
2024-10-12 16:01:01,301 - error - ERROR - Error occurred when loading the dataframe
2024-10-12 16:01:01,301 - error - ERROR - Error occurred when loading the dataframe
2024-10-12 16:01:01,301 - error - ERROR - Error occurred when loading the dataframe
2024-10-12 16:01:01,301 - error - ERROR - Error occurred when loading the dataframe
2024-10-12 16:01:01,301 - error - ERROR - Error occurred when loading the dataframe
2024-10-12 16:04:19,707 - error - ERROR - Error occurred when loading the dataframe
2024-10-12 16:04:19,707 - error - ERROR - Error occurred when loading the dataframe
2024-10-12 16:04:19,707 - error - ERROR - Error occurred when loading the dataframe
2024-10-12 16:04:19,707 - error - ERROR - Error occurred when loading the dataframe
2024-10-12 16:04:19,707 - error - ERROR - Error occurred when loading the dataframe
2024-10-12 16:04:19,707 - error - ERROR - Error occurred when loading the dataframe
2024-10-12 16:04:19,707 - error - ERROR - Error occurred when loading the dataframe
2024-10-12 16:04:19,707 - error - ERROR - Error occurred when loading the dataframe
2024-10-12 16:04:19,707 - error - ERROR - Error occurred when loading the dataframe
2024-10-12 16:04:19,707 - error - ERROR - Error occurred when loading the dataframe
2024-10-12 16:04:19,707 - error - ERROR - Error occurred when loading the dataframe
2024-10-12 16:04:19,707 - error - ERROR - Error occurred when loading the dataframe
2024-10-12 16:04:19,707 - error - ERROR - Error occurred when loading the dataframe
2024-10-12 16:04:19,707 - error - ERROR - Error occurred when loading the dataframe
2024-10-12 16:04:57,166 - error - ERROR - Error occurred when loading the dataframe
2024-10-12 16:04:57,166 - error - ERROR - Error occurred when loading the dataframe
2024-10-12 16:04:57,166 - error - ERROR - Error occurred when loading the dataframe
2024-10-12 16:04:57,166 - error - ERROR - Error occurred when loading the dataframe
2024-10-12 16:04:57,166 - error - ERROR - Error occurred when loading the dataframe
2024-10-12 16:04:57,166 - error - ERROR - Error occurred when loading the dataframe
2024-10-12 16:04:57,166 - error - ERROR - Error occurred when loading the dataframe
2024-10-12 16:04:57,166 - error - ERROR - Error occurred when loading the dataframe
2024-10-12 16:04:57,166 - error - ERROR - Error occurred when loading the dataframe
2024-10-12 16:04:57,166 - error - ERROR - Error occurred when loading the dataframe
2024-10-12 16:04:57,166 - error - ERROR - Error occurred when loading the dataframe
2024-10-12 16:04:57,166 - error - ERROR - Error occurred when loading the dataframe
2024-10-12 16:04:57,166 - error - ERROR - Error occurred when loading the dataframe
2024-10-12 16:04:57,166 - error - ERROR - Error occurred when loading the dataframe
2024-10-12 16:04:57,166 - error - ERROR - Error occurred when loading the dataframe
2024-10-12 16:31:05,344 - error - ERROR - Error occurred when loading the dataframe
2024-10-12 16:31:05,344 - error - ERROR - Error occurred when loading the dataframe
2024-10-12 16:31:05,344 - error - ERROR - Error occurred when loading the dataframe
2024-10-12 16:31:05,344 - error - ERROR - Error occurred when loading the dataframe
2024-10-12 16:31:05,344 - error - ERROR - Error occurred when loading the dataframe
2024-10-12 16:31:05,344 - error - ERROR - Error occurred when loading the dataframe
2024-10-12 16:31:05,344 - error - ERROR - Error occurred when loading the dataframe
2024-10-12 16:31:05,344 - error - ERROR - Error occurred when loading the dataframe
2024-10-12 16:31:05,344 - error - ERROR - Error occurred when loading the dataframe
2024-10-12 16:31:05,344 - error - ERROR - Error occurred when loading the dataframe
2024-10-12 16:31:05,344 - error - ERROR - Error occurred when loading the dataframe
2024-10-12 16:31:05,344 - error - ERROR - Error occurred when loading the dataframe
2024-10-12 16:31:05,344 - error - ERROR - Error occurred when loading the dataframe
2024-10-12 16:31:05,344 - error - ERROR - Error occurred when loading the dataframe
2024-10-12 16:31:05,344 - error - ERROR - Error occurred when loading the dataframe
2024-10-12 16:31:05,344 - error - ERROR - Error occurred when loading the dataframe
2024-10-12 16:31:05,737 - error - ERROR - Error while exporting data to PostgreSQL: (psycopg2.OperationalError) connection to server at "localhost" (::1), port 5432 failed: FATAL:  password authentication failed for user "DELL"

(Background on this error at: https://sqlalche.me/e/20/e3q8)
2024-10-12 16:31:05,737 - error - ERROR - Error while exporting data to PostgreSQL: (psycopg2.OperationalError) connection to server at "localhost" (::1), port 5432 failed: FATAL:  password authentication failed for user "DELL"

(Background on this error at: https://sqlalche.me/e/20/e3q8)
2024-10-12 16:31:05,737 - error - ERROR - Error while exporting data to PostgreSQL: (psycopg2.OperationalError) connection to server at "localhost" (::1), port 5432 failed: FATAL:  password authentication failed for user "DELL"

(Background on this error at: https://sqlalche.me/e/20/e3q8)
2024-10-12 16:31:05,737 - error - ERROR - Error while exporting data to PostgreSQL: (psycopg2.OperationalError) connection to server at "localhost" (::1), port 5432 failed: FATAL:  password authentication failed for user "DELL"

(Background on this error at: https://sqlalche.me/e/20/e3q8)
2024-10-12 16:31:05,737 - error - ERROR - Error while exporting data to PostgreSQL: (psycopg2.OperationalError) connection to server at "localhost" (::1), port 5432 failed: FATAL:  password authentication failed for user "DELL"

(Background on this error at: https://sqlalche.me/e/20/e3q8)
2024-10-12 16:31:05,737 - error - ERROR - Error while exporting data to PostgreSQL: (psycopg2.OperationalError) connection to server at "localhost" (::1), port 5432 failed: FATAL:  password authentication failed for user "DELL"

(Background on this error at: https://sqlalche.me/e/20/e3q8)
2024-10-12 16:31:05,737 - error - ERROR - Error while exporting data to PostgreSQL: (psycopg2.OperationalError) connection to server at "localhost" (::1), port 5432 failed: FATAL:  password authentication failed for user "DELL"

(Background on this error at: https://sqlalche.me/e/20/e3q8)
2024-10-12 16:31:05,737 - error - ERROR - Error while exporting data to PostgreSQL: (psycopg2.OperationalError) connection to server at "localhost" (::1), port 5432 failed: FATAL:  password authentication failed for user "DELL"

(Background on this error at: https://sqlalche.me/e/20/e3q8)
2024-10-12 16:31:05,737 - error - ERROR - Error while exporting data to PostgreSQL: (psycopg2.OperationalError) connection to server at "localhost" (::1), port 5432 failed: FATAL:  password authentication failed for user "DELL"

(Background on this error at: https://sqlalche.me/e/20/e3q8)
2024-10-12 16:31:05,737 - error - ERROR - Error while exporting data to PostgreSQL: (psycopg2.OperationalError) connection to server at "localhost" (::1), port 5432 failed: FATAL:  password authentication failed for user "DELL"

(Background on this error at: https://sqlalche.me/e/20/e3q8)
2024-10-12 16:31:05,737 - error - ERROR - Error while exporting data to PostgreSQL: (psycopg2.OperationalError) connection to server at "localhost" (::1), port 5432 failed: FATAL:  password authentication failed for user "DELL"

(Background on this error at: https://sqlalche.me/e/20/e3q8)
2024-10-12 16:31:05,737 - error - ERROR - Error while exporting data to PostgreSQL: (psycopg2.OperationalError) connection to server at "localhost" (::1), port 5432 failed: FATAL:  password authentication failed for user "DELL"

(Background on this error at: https://sqlalche.me/e/20/e3q8)
2024-10-12 16:31:05,737 - error - ERROR - Error while exporting data to PostgreSQL: (psycopg2.OperationalError) connection to server at "localhost" (::1), port 5432 failed: FATAL:  password authentication failed for user "DELL"

(Background on this error at: https://sqlalche.me/e/20/e3q8)
2024-10-12 16:31:05,737 - error - ERROR - Error while exporting data to PostgreSQL: (psycopg2.OperationalError) connection to server at "localhost" (::1), port 5432 failed: FATAL:  password authentication failed for user "DELL"

(Background on this error at: https://sqlalche.me/e/20/e3q8)
2024-10-12 16:31:05,737 - error - ERROR - Error while exporting data to PostgreSQL: (psycopg2.OperationalError) connection to server at "localhost" (::1), port 5432 failed: FATAL:  password authentication failed for user "DELL"

(Background on this error at: https://sqlalche.me/e/20/e3q8)
2024-10-12 16:31:05,737 - error - ERROR - Error while exporting data to PostgreSQL: (psycopg2.OperationalError) connection to server at "localhost" (::1), port 5432 failed: FATAL:  password authentication failed for user "DELL"

(Background on this error at: https://sqlalche.me/e/20/e3q8)
2024-10-12 16:31:42,150 - error - ERROR - Error occurred when loading the dataframe
2024-10-12 16:31:42,150 - error - ERROR - Error occurred when loading the dataframe
2024-10-12 16:31:42,150 - error - ERROR - Error occurred when loading the dataframe
2024-10-12 16:31:42,150 - error - ERROR - Error occurred when loading the dataframe
2024-10-12 16:31:42,150 - error - ERROR - Error occurred when loading the dataframe
2024-10-12 16:31:42,150 - error - ERROR - Error occurred when loading the dataframe
2024-10-12 16:31:42,150 - error - ERROR - Error occurred when loading the dataframe
2024-10-12 16:31:42,150 - error - ERROR - Error occurred when loading the dataframe
2024-10-12 16:31:42,150 - error - ERROR - Error occurred when loading the dataframe
2024-10-12 16:31:42,150 - error - ERROR - Error occurred when loading the dataframe
2024-10-12 16:31:42,150 - error - ERROR - Error occurred when loading the dataframe
2024-10-12 16:31:42,150 - error - ERROR - Error occurred when loading the dataframe
2024-10-12 16:31:42,150 - error - ERROR - Error occurred when loading the dataframe
2024-10-12 16:31:42,150 - error - ERROR - Error occurred when loading the dataframe
2024-10-12 16:31:42,150 - error - ERROR - Error occurred when loading the dataframe
2024-10-12 16:31:42,150 - error - ERROR - Error occurred when loading the dataframe
2024-10-12 16:31:42,150 - error - ERROR - Error occurred when loading the dataframe
2024-10-12 16:31:43,536 - error - ERROR - Error while exporting data to PostgreSQL: (psycopg2.OperationalError) connection to server at "localhost" (::1), port 5432 failed: FATAL:  password authentication failed for user "DELL"

(Background on this error at: https://sqlalche.me/e/20/e3q8)
2024-10-12 16:31:43,536 - error - ERROR - Error while exporting data to PostgreSQL: (psycopg2.OperationalError) connection to server at "localhost" (::1), port 5432 failed: FATAL:  password authentication failed for user "DELL"

(Background on this error at: https://sqlalche.me/e/20/e3q8)
2024-10-12 16:31:43,536 - error - ERROR - Error while exporting data to PostgreSQL: (psycopg2.OperationalError) connection to server at "localhost" (::1), port 5432 failed: FATAL:  password authentication failed for user "DELL"

(Background on this error at: https://sqlalche.me/e/20/e3q8)
2024-10-12 16:31:43,536 - error - ERROR - Error while exporting data to PostgreSQL: (psycopg2.OperationalError) connection to server at "localhost" (::1), port 5432 failed: FATAL:  password authentication failed for user "DELL"

(Background on this error at: https://sqlalche.me/e/20/e3q8)
2024-10-12 16:31:43,536 - error - ERROR - Error while exporting data to PostgreSQL: (psycopg2.OperationalError) connection to server at "localhost" (::1), port 5432 failed: FATAL:  password authentication failed for user "DELL"

(Background on this error at: https://sqlalche.me/e/20/e3q8)
2024-10-12 16:31:43,536 - error - ERROR - Error while exporting data to PostgreSQL: (psycopg2.OperationalError) connection to server at "localhost" (::1), port 5432 failed: FATAL:  password authentication failed for user "DELL"

(Background on this error at: https://sqlalche.me/e/20/e3q8)
2024-10-12 16:31:43,536 - error - ERROR - Error while exporting data to PostgreSQL: (psycopg2.OperationalError) connection to server at "localhost" (::1), port 5432 failed: FATAL:  password authentication failed for user "DELL"

(Background on this error at: https://sqlalche.me/e/20/e3q8)
2024-10-12 16:31:43,536 - error - ERROR - Error while exporting data to PostgreSQL: (psycopg2.OperationalError) connection to server at "localhost" (::1), port 5432 failed: FATAL:  password authentication failed for user "DELL"

(Background on this error at: https://sqlalche.me/e/20/e3q8)
2024-10-12 16:31:43,536 - error - ERROR - Error while exporting data to PostgreSQL: (psycopg2.OperationalError) connection to server at "localhost" (::1), port 5432 failed: FATAL:  password authentication failed for user "DELL"

(Background on this error at: https://sqlalche.me/e/20/e3q8)
2024-10-12 16:31:43,536 - error - ERROR - Error while exporting data to PostgreSQL: (psycopg2.OperationalError) connection to server at "localhost" (::1), port 5432 failed: FATAL:  password authentication failed for user "DELL"

(Background on this error at: https://sqlalche.me/e/20/e3q8)
2024-10-12 16:31:43,536 - error - ERROR - Error while exporting data to PostgreSQL: (psycopg2.OperationalError) connection to server at "localhost" (::1), port 5432 failed: FATAL:  password authentication failed for user "DELL"

(Background on this error at: https://sqlalche.me/e/20/e3q8)
2024-10-12 16:31:43,536 - error - ERROR - Error while exporting data to PostgreSQL: (psycopg2.OperationalError) connection to server at "localhost" (::1), port 5432 failed: FATAL:  password authentication failed for user "DELL"

(Background on this error at: https://sqlalche.me/e/20/e3q8)
2024-10-12 16:31:43,536 - error - ERROR - Error while exporting data to PostgreSQL: (psycopg2.OperationalError) connection to server at "localhost" (::1), port 5432 failed: FATAL:  password authentication failed for user "DELL"

(Background on this error at: https://sqlalche.me/e/20/e3q8)
2024-10-12 16:31:43,536 - error - ERROR - Error while exporting data to PostgreSQL: (psycopg2.OperationalError) connection to server at "localhost" (::1), port 5432 failed: FATAL:  password authentication failed for user "DELL"

(Background on this error at: https://sqlalche.me/e/20/e3q8)
2024-10-12 16:31:43,536 - error - ERROR - Error while exporting data to PostgreSQL: (psycopg2.OperationalError) connection to server at "localhost" (::1), port 5432 failed: FATAL:  password authentication failed for user "DELL"

(Background on this error at: https://sqlalche.me/e/20/e3q8)
2024-10-12 16:31:43,536 - error - ERROR - Error while exporting data to PostgreSQL: (psycopg2.OperationalError) connection to server at "localhost" (::1), port 5432 failed: FATAL:  password authentication failed for user "DELL"

(Background on this error at: https://sqlalche.me/e/20/e3q8)
2024-10-12 16:31:43,536 - error - ERROR - Error while exporting data to PostgreSQL: (psycopg2.OperationalError) connection to server at "localhost" (::1), port 5432 failed: FATAL:  password authentication failed for user "DELL"

(Background on this error at: https://sqlalche.me/e/20/e3q8)
2024-10-12 16:37:40,859 - error - ERROR - Error occurred when loading the dataframe
2024-10-12 16:39:51,041 - error - ERROR - Error occurred when loading the dataframe
2024-10-12 16:39:51,041 - error - ERROR - Error occurred when loading the dataframe
2024-10-12 16:39:51,269 - error - ERROR - Error while exporting data to PostgreSQL: (psycopg2.OperationalError) connection to server at "localhost" (::1), port 5432 failed: FATAL:  password authentication failed for user "DELL"

(Background on this error at: https://sqlalche.me/e/20/e3q8)
2024-10-12 16:39:51,269 - error - ERROR - Error while exporting data to PostgreSQL: (psycopg2.OperationalError) connection to server at "localhost" (::1), port 5432 failed: FATAL:  password authentication failed for user "DELL"

(Background on this error at: https://sqlalche.me/e/20/e3q8)
2024-10-12 16:49:08,818 - error - ERROR - Error occurred when loading the dataframe
2024-10-12 16:51:30,992 - error - ERROR - Error occurred when loading the dataframe
2024-10-12 16:51:30,992 - error - ERROR - Error occurred when loading the dataframe
2024-10-12 16:52:26,888 - error - ERROR - Error occurred when loading the dataframe
2024-10-12 16:52:26,888 - error - ERROR - Error occurred when loading the dataframe
2024-10-12 16:52:26,888 - error - ERROR - Error occurred when loading the dataframe
2024-10-12 16:52:27,849 - error - ERROR - Error while exporting data to PostgreSQL: (psycopg2.OperationalError) connection to server at "localhost" (::1), port 5432 failed: FATAL:  password authentication failed for user "DELL"

(Background on this error at: https://sqlalche.me/e/20/e3q8)
2024-10-12 16:52:27,849 - error - ERROR - Error while exporting data to PostgreSQL: (psycopg2.OperationalError) connection to server at "localhost" (::1), port 5432 failed: FATAL:  password authentication failed for user "DELL"

(Background on this error at: https://sqlalche.me/e/20/e3q8)
2024-10-12 16:52:27,849 - error - ERROR - Error while exporting data to PostgreSQL: (psycopg2.OperationalError) connection to server at "localhost" (::1), port 5432 failed: FATAL:  password authentication failed for user "DELL"

(Background on this error at: https://sqlalche.me/e/20/e3q8)
2024-10-12 16:53:03,292 - error - ERROR - Error occurred when loading the dataframe
2024-10-12 16:53:03,977 - error - ERROR - Error while exporting data to PostgreSQL: (psycopg2.OperationalError) connection to server at "localhost" (::1), port 5432 failed: FATAL:  password authentication failed for user "DELL"

(Background on this error at: https://sqlalche.me/e/20/e3q8)
2024-10-12 16:56:17,432 - error - ERROR - Error occurred when loading the dataframe
2024-10-12 16:56:17,777 - error - ERROR - Error while exporting data to PostgreSQL: (psycopg2.OperationalError) connection to server at "localhost" (::1), port 5432 failed: FATAL:  password authentication failed for user "DELL"

(Background on this error at: https://sqlalche.me/e/20/e3q8)
2024-10-12 16:56:59,832 - error - ERROR - Error occurred when loading the dataframe
2024-10-12 16:57:00,091 - error - ERROR - Error while exporting data to PostgreSQL: (psycopg2.OperationalError) connection to server at "localhost" (::1), port 5432 failed: FATAL:  password authentication failed for user "DELL"

(Background on this error at: https://sqlalche.me/e/20/e3q8)
2024-10-12 16:57:07,925 - error - ERROR - Error occurred when loading the dataframe
2024-10-12 16:57:08,470 - error - ERROR - Error while exporting data to PostgreSQL: (psycopg2.OperationalError) connection to server at "localhost" (::1), port 5432 failed: FATAL:  password authentication failed for user "DELL"

(Background on this error at: https://sqlalche.me/e/20/e3q8)
2024-10-12 16:57:37,784 - error - ERROR - Error occurred when loading the dataframe
2024-10-12 17:13:15,925 - error - ERROR - Error occurred when loading the dataframe
2024-10-12 17:34:48,707 - error - ERROR - Error occurred when loading the dataframe
2024-10-12 18:42:19,972 - error - ERROR - Error occurred when loading the dataframe
2024-10-14 16:14:10,702 - error - ERROR - Error occurred when loading the dataframe
2024-10-14 16:18:06,717 - error - ERROR - Error occurred when loading the dataframe
2024-10-14 16:18:06,717 - error - ERROR - Error occurred when loading the dataframe
2024-10-14 16:19:52,587 - error - ERROR - Error occurred when loading the dataframe
2024-10-14 16:19:52,587 - error - ERROR - Error occurred when loading the dataframe
2024-10-14 16:19:52,587 - error - ERROR - Error occurred when loading the dataframe
2024-10-14 16:20:00,792 - error - ERROR - Error occurred when loading the dataframe
2024-10-14 16:20:00,792 - error - ERROR - Error occurred when loading the dataframe
2024-10-14 16:20:00,792 - error - ERROR - Error occurred when loading the dataframe
2024-10-14 16:20:00,792 - error - ERROR - Error occurred when loading the dataframe
2024-10-14 16:20:53,883 - error - ERROR - Error occurred when loading the dataframe
2024-10-14 16:20:53,883 - error - ERROR - Error occurred when loading the dataframe
2024-10-14 16:20:53,883 - error - ERROR - Error occurred when loading the dataframe
2024-10-14 16:20:53,883 - error - ERROR - Error occurred when loading the dataframe
2024-10-14 16:20:53,883 - error - ERROR - Error occurred when loading the dataframe
2024-10-14 16:21:09,282 - error - ERROR - Error occurred when loading the dataframe
2024-10-14 16:21:09,282 - error - ERROR - Error occurred when loading the dataframe
2024-10-14 16:21:09,282 - error - ERROR - Error occurred when loading the dataframe
2024-10-14 16:21:09,282 - error - ERROR - Error occurred when loading the dataframe
2024-10-14 16:21:09,282 - error - ERROR - Error occurred when loading the dataframe
2024-10-14 16:21:09,282 - error - ERROR - Error occurred when loading the dataframe
2024-10-14 16:21:33,362 - error - ERROR - Error occurred when loading the dataframe
2024-10-14 16:21:33,362 - error - ERROR - Error occurred when loading the dataframe
2024-10-14 16:21:33,362 - error - ERROR - Error occurred when loading the dataframe
2024-10-14 16:21:33,362 - error - ERROR - Error occurred when loading the dataframe
2024-10-14 16:21:33,362 - error - ERROR - Error occurred when loading the dataframe
2024-10-14 16:21:33,362 - error - ERROR - Error occurred when loading the dataframe
2024-10-14 16:21:33,362 - error - ERROR - Error occurred when loading the dataframe
2024-10-14 16:23:06,996 - error - ERROR - Error occurred when loading the dataframe
2024-10-14 16:23:06,996 - error - ERROR - Error occurred when loading the dataframe
2024-10-14 16:23:06,996 - error - ERROR - Error occurred when loading the dataframe
2024-10-14 16:23:06,996 - error - ERROR - Error occurred when loading the dataframe
2024-10-14 16:23:06,996 - error - ERROR - Error occurred when loading the dataframe
2024-10-14 16:23:06,996 - error - ERROR - Error occurred when loading the dataframe
2024-10-14 16:23:06,996 - error - ERROR - Error occurred when loading the dataframe
2024-10-14 16:23:06,996 - error - ERROR - Error occurred when loading the dataframe
2024-10-14 16:27:35,286 - error - ERROR - Error occurred when loading the dataframe
2024-10-14 16:27:35,286 - error - ERROR - Error occurred when loading the dataframe
2024-10-14 16:27:35,286 - error - ERROR - Error occurred when loading the dataframe
2024-10-14 16:27:35,286 - error - ERROR - Error occurred when loading the dataframe
2024-10-14 16:27:35,286 - error - ERROR - Error occurred when loading the dataframe
2024-10-14 16:27:35,286 - error - ERROR - Error occurred when loading the dataframe
2024-10-14 16:27:35,286 - error - ERROR - Error occurred when loading the dataframe
2024-10-14 16:27:35,286 - error - ERROR - Error occurred when loading the dataframe
2024-10-14 16:27:35,286 - error - ERROR - Error occurred when loading the dataframe
2024-10-14 16:28:41,046 - error - ERROR - Error occurred when loading the dataframe
2024-10-14 16:28:41,046 - error - ERROR - Error occurred when loading the dataframe
2024-10-14 16:28:41,046 - error - ERROR - Error occurred when loading the dataframe
2024-10-14 16:28:41,046 - error - ERROR - Error occurred when loading the dataframe
2024-10-14 16:28:41,046 - error - ERROR - Error occurred when loading the dataframe
2024-10-14 16:28:41,046 - error - ERROR - Error occurred when loading the dataframe
2024-10-14 16:28:41,046 - error - ERROR - Error occurred when loading the dataframe
2024-10-14 16:28:41,046 - error - ERROR - Error occurred when loading the dataframe
2024-10-14 16:28:41,046 - error - ERROR - Error occurred when loading the dataframe
2024-10-14 16:28:41,046 - error - ERROR - Error occurred when loading the dataframe
2024-10-14 16:29:43,687 - error - ERROR - Error occurred when loading the dataframe
2024-10-14 16:29:43,687 - error - ERROR - Error occurred when loading the dataframe
2024-10-14 16:29:43,687 - error - ERROR - Error occurred when loading the dataframe
2024-10-14 16:29:43,687 - error - ERROR - Error occurred when loading the dataframe
2024-10-14 16:29:43,687 - error - ERROR - Error occurred when loading the dataframe
2024-10-14 16:29:43,687 - error - ERROR - Error occurred when loading the dataframe
2024-10-14 16:29:43,687 - error - ERROR - Error occurred when loading the dataframe
2024-10-14 16:29:43,687 - error - ERROR - Error occurred when loading the dataframe
2024-10-14 16:29:43,687 - error - ERROR - Error occurred when loading the dataframe
2024-10-14 16:29:43,687 - error - ERROR - Error occurred when loading the dataframe
2024-10-14 16:29:43,687 - error - ERROR - Error occurred when loading the dataframe
2024-10-14 16:29:50,276 - error - ERROR - Error occurred when loading the dataframe
2024-10-14 16:29:50,276 - error - ERROR - Error occurred when loading the dataframe
2024-10-14 16:29:50,276 - error - ERROR - Error occurred when loading the dataframe
2024-10-14 16:29:50,276 - error - ERROR - Error occurred when loading the dataframe
2024-10-14 16:29:50,276 - error - ERROR - Error occurred when loading the dataframe
2024-10-14 16:29:50,276 - error - ERROR - Error occurred when loading the dataframe
2024-10-14 16:29:50,276 - error - ERROR - Error occurred when loading the dataframe
2024-10-14 16:29:50,276 - error - ERROR - Error occurred when loading the dataframe
2024-10-14 16:29:50,276 - error - ERROR - Error occurred when loading the dataframe
2024-10-14 16:29:50,276 - error - ERROR - Error occurred when loading the dataframe
2024-10-14 16:29:50,276 - error - ERROR - Error occurred when loading the dataframe
2024-10-14 16:29:50,276 - error - ERROR - Error occurred when loading the dataframe
2024-10-14 16:30:29,426 - error - ERROR - Error occurred when loading the dataframe
2024-10-14 16:30:29,426 - error - ERROR - Error occurred when loading the dataframe
2024-10-14 16:30:29,426 - error - ERROR - Error occurred when loading the dataframe
2024-10-14 16:30:29,426 - error - ERROR - Error occurred when loading the dataframe
2024-10-14 16:30:29,426 - error - ERROR - Error occurred when loading the dataframe
2024-10-14 16:30:29,426 - error - ERROR - Error occurred when loading the dataframe
2024-10-14 16:30:29,426 - error - ERROR - Error occurred when loading the dataframe
2024-10-14 16:30:29,426 - error - ERROR - Error occurred when loading the dataframe
2024-10-14 16:30:29,426 - error - ERROR - Error occurred when loading the dataframe
2024-10-14 16:30:29,426 - error - ERROR - Error occurred when loading the dataframe
2024-10-14 16:30:29,426 - error - ERROR - Error occurred when loading the dataframe
2024-10-14 16:30:29,426 - error - ERROR - Error occurred when loading the dataframe
2024-10-14 16:30:29,426 - error - ERROR - Error occurred when loading the dataframe
2024-10-14 16:30:53,106 - error - ERROR - Error occurred when loading the dataframe
2024-10-14 16:30:53,106 - error - ERROR - Error occurred when loading the dataframe
2024-10-14 16:30:53,106 - error - ERROR - Error occurred when loading the dataframe
2024-10-14 16:30:53,106 - error - ERROR - Error occurred when loading the dataframe
2024-10-14 16:30:53,106 - error - ERROR - Error occurred when loading the dataframe
2024-10-14 16:30:53,106 - error - ERROR - Error occurred when loading the dataframe
2024-10-14 16:30:53,106 - error - ERROR - Error occurred when loading the dataframe
2024-10-14 16:30:53,106 - error - ERROR - Error occurred when loading the dataframe
2024-10-14 16:30:53,106 - error - ERROR - Error occurred when loading the dataframe
2024-10-14 16:30:53,106 - error - ERROR - Error occurred when loading the dataframe
2024-10-14 16:30:53,106 - error - ERROR - Error occurred when loading the dataframe
2024-10-14 16:30:53,106 - error - ERROR - Error occurred when loading the dataframe
2024-10-14 16:30:53,106 - error - ERROR - Error occurred when loading the dataframe
2024-10-14 16:30:53,106 - error - ERROR - Error occurred when loading the dataframe
2024-10-14 16:31:20,101 - error - ERROR - Error occurred when loading the dataframe
2024-10-14 16:31:20,101 - error - ERROR - Error occurred when loading the dataframe
2024-10-14 16:31:20,101 - error - ERROR - Error occurred when loading the dataframe
2024-10-14 16:31:20,101 - error - ERROR - Error occurred when loading the dataframe
2024-10-14 16:31:20,101 - error - ERROR - Error occurred when loading the dataframe
2024-10-14 16:31:20,101 - error - ERROR - Error occurred when loading the dataframe
2024-10-14 16:31:20,101 - error - ERROR - Error occurred when loading the dataframe
2024-10-14 16:31:20,101 - error - ERROR - Error occurred when loading the dataframe
2024-10-14 16:31:20,101 - error - ERROR - Error occurred when loading the dataframe
2024-10-14 16:31:20,101 - error - ERROR - Error occurred when loading the dataframe
2024-10-14 16:31:20,101 - error - ERROR - Error occurred when loading the dataframe
2024-10-14 16:31:20,101 - error - ERROR - Error occurred when loading the dataframe
2024-10-14 16:31:20,101 - error - ERROR - Error occurred when loading the dataframe
2024-10-14 16:31:20,101 - error - ERROR - Error occurred when loading the dataframe
2024-10-14 16:31:20,101 - error - ERROR - Error occurred when loading the dataframe
2024-10-15 15:07:17,820 - error - ERROR - Error occurred when loading the dataframe
2024-10-15 16:55:36,894 - error - ERROR - Error occurred when loading the dataframe
2024-10-15 17:43:46,806 - error - ERROR - Error occurred when loading the dataframe
2024-10-15 17:43:46,806 - error - ERROR - Error occurred when loading the dataframe
2024-10-16 02:38:30,214 - error - ERROR - Error occurred when loading the dataframe
2024-10-16 02:54:21,405 - error - ERROR - Error occurred when loading the dataframe
2024-10-16 02:54:21,405 - error - ERROR - Error occurred when loading the dataframe
2024-10-16 11:58:23,261 - error - ERROR - Error occurred when loading the dataframe
2024-10-16 13:54:19,151 - error - ERROR - Error while exporting data to PostgreSQL: NDFrame.to_sql() got an unexpected keyword argument 'if_exist'
2024-10-16 13:55:20,211 - error - ERROR - Error while exporting data to PostgreSQL: (psycopg2.errors.DuplicateColumn) column name "xmin" conflicts with a system column name

[SQL: 
CREATE TABLE detection_results (
	"Image" TEXT, 
	"Name" TEXT, 
	"Confidence" FLOAT(53), 
	xmin FLOAT(53), 
	ymin FLOAT(53), 
	xmax FLOAT(53), 
	ymax FLOAT(53)
)

]
(Background on this error at: https://sqlalche.me/e/20/f405)
