2024-10-12 16:01:01,302 - info - INFO - Overview of the dataframe
2024-10-12 16:01:01,302 - info - INFO - Overview of the dataframe
2024-10-12 16:01:01,302 - info - INFO - Overview of the dataframe
2024-10-12 16:01:01,302 - info - INFO - Overview of the dataframe
2024-10-12 16:01:01,302 - info - INFO - Overview of the dataframe
2024-10-12 16:01:01,302 - info - INFO - Overview of the dataframe
2024-10-12 16:01:01,302 - info - INFO - Overview of the dataframe
2024-10-12 16:01:01,302 - info - INFO - Overview of the dataframe
2024-10-12 16:01:01,302 - info - INFO - Overview of the dataframe
2024-10-12 16:01:01,302 - info - INFO - Overview of the dataframe
2024-10-12 16:01:01,302 - info - INFO - Overview of the dataframe
2024-10-12 16:01:01,302 - info - INFO - Overview of the dataframe
2024-10-12 16:01:01,302 - info - INFO - Overview of the dataframe
2024-10-12 16:01:07,021 - info - INFO - Data cleaning process
2024-10-12 16:01:07,021 - info - INFO - Data cleaning process
2024-10-12 16:01:07,021 - info - INFO - Data cleaning process
2024-10-12 16:01:07,021 - info - INFO - Data cleaning process
2024-10-12 16:01:07,021 - info - INFO - Data cleaning process
2024-10-12 16:01:07,021 - info - INFO - Data cleaning process
2024-10-12 16:01:07,021 - info - INFO - Data cleaning process
2024-10-12 16:01:07,021 - info - INFO - Data cleaning process
2024-10-12 16:01:07,021 - info - INFO - Data cleaning process
2024-10-12 16:01:07,021 - info - INFO - Data cleaning process
2024-10-12 16:01:07,021 - info - INFO - Data cleaning process
2024-10-12 16:01:07,021 - info - INFO - Data cleaning process
2024-10-12 16:01:07,021 - info - INFO - Data cleaning process
2024-10-12 16:01:09,500 - info - INFO - Return the dataframe
2024-10-12 16:01:09,500 - info - INFO - Return the dataframe
2024-10-12 16:01:09,500 - info - INFO - Return the dataframe
2024-10-12 16:01:09,500 - info - INFO - Return the dataframe
2024-10-12 16:01:09,500 - info - INFO - Return the dataframe
2024-10-12 16:01:09,500 - info - INFO - Return the dataframe
2024-10-12 16:01:09,500 - info - INFO - Return the dataframe
2024-10-12 16:01:09,500 - info - INFO - Return the dataframe
2024-10-12 16:01:09,500 - info - INFO - Return the dataframe
2024-10-12 16:01:09,500 - info - INFO - Return the dataframe
2024-10-12 16:01:09,500 - info - INFO - Return the dataframe
2024-10-12 16:01:09,500 - info - INFO - Return the dataframe
2024-10-12 16:01:09,500 - info - INFO - Return the dataframe
2024-10-12 16:01:36,651 - info - INFO - Return the dataframe
2024-10-12 16:01:36,651 - info - INFO - Return the dataframe
2024-10-12 16:01:36,651 - info - INFO - Return the dataframe
2024-10-12 16:01:36,651 - info - INFO - Return the dataframe
2024-10-12 16:01:36,651 - info - INFO - Return the dataframe
2024-10-12 16:01:36,651 - info - INFO - Return the dataframe
2024-10-12 16:01:36,651 - info - INFO - Return the dataframe
2024-10-12 16:01:36,651 - info - INFO - Return the dataframe
2024-10-12 16:01:36,651 - info - INFO - Return the dataframe
2024-10-12 16:01:36,651 - info - INFO - Return the dataframe
2024-10-12 16:01:36,651 - info - INFO - Return the dataframe
2024-10-12 16:01:36,651 - info - INFO - Return the dataframe
2024-10-12 16:01:36,651 - info - INFO - Return the dataframe
2024-10-12 16:01:48,123 - info - INFO - Return the dataframe
2024-10-12 16:01:48,123 - info - INFO - Return the dataframe
2024-10-12 16:01:48,123 - info - INFO - Return the dataframe
2024-10-12 16:01:48,123 - info - INFO - Return the dataframe
2024-10-12 16:01:48,123 - info - INFO - Return the dataframe
2024-10-12 16:01:48,123 - info - INFO - Return the dataframe
2024-10-12 16:01:48,123 - info - INFO - Return the dataframe
2024-10-12 16:01:48,123 - info - INFO - Return the dataframe
2024-10-12 16:01:48,123 - info - INFO - Return the dataframe
2024-10-12 16:01:48,123 - info - INFO - Return the dataframe
2024-10-12 16:01:48,123 - info - INFO - Return the dataframe
2024-10-12 16:01:48,123 - info - INFO - Return the dataframe
2024-10-12 16:01:48,123 - info - INFO - Return the dataframe
2024-10-12 16:02:10,994 - info - INFO - Return the dataframe
2024-10-12 16:02:10,994 - info - INFO - Return the dataframe
2024-10-12 16:02:10,994 - info - INFO - Return the dataframe
2024-10-12 16:02:10,994 - info - INFO - Return the dataframe
2024-10-12 16:02:10,994 - info - INFO - Return the dataframe
2024-10-12 16:02:10,994 - info - INFO - Return the dataframe
2024-10-12 16:02:10,994 - info - INFO - Return the dataframe
2024-10-12 16:02:10,994 - info - INFO - Return the dataframe
2024-10-12 16:02:10,994 - info - INFO - Return the dataframe
2024-10-12 16:02:10,994 - info - INFO - Return the dataframe
2024-10-12 16:02:10,994 - info - INFO - Return the dataframe
2024-10-12 16:02:10,994 - info - INFO - Return the dataframe
2024-10-12 16:02:10,994 - info - INFO - Return the dataframe
2024-10-12 16:02:50,450 - info - INFO - Return the dataframe
2024-10-12 16:02:50,450 - info - INFO - Return the dataframe
2024-10-12 16:02:50,450 - info - INFO - Return the dataframe
2024-10-12 16:02:50,450 - info - INFO - Return the dataframe
2024-10-12 16:02:50,450 - info - INFO - Return the dataframe
2024-10-12 16:02:50,450 - info - INFO - Return the dataframe
2024-10-12 16:02:50,450 - info - INFO - Return the dataframe
2024-10-12 16:02:50,450 - info - INFO - Return the dataframe
2024-10-12 16:02:50,450 - info - INFO - Return the dataframe
2024-10-12 16:02:50,450 - info - INFO - Return the dataframe
2024-10-12 16:02:50,450 - info - INFO - Return the dataframe
2024-10-12 16:02:50,450 - info - INFO - Return the dataframe
2024-10-12 16:02:50,450 - info - INFO - Return the dataframe
2024-10-12 16:03:24,075 - info - INFO - Return the dataframe
2024-10-12 16:03:24,075 - info - INFO - Return the dataframe
2024-10-12 16:03:24,075 - info - INFO - Return the dataframe
2024-10-12 16:03:24,075 - info - INFO - Return the dataframe
2024-10-12 16:03:24,075 - info - INFO - Return the dataframe
2024-10-12 16:03:24,075 - info - INFO - Return the dataframe
2024-10-12 16:03:24,075 - info - INFO - Return the dataframe
2024-10-12 16:03:24,075 - info - INFO - Return the dataframe
2024-10-12 16:03:24,075 - info - INFO - Return the dataframe
2024-10-12 16:03:24,075 - info - INFO - Return the dataframe
2024-10-12 16:03:24,075 - info - INFO - Return the dataframe
2024-10-12 16:03:24,075 - info - INFO - Return the dataframe
2024-10-12 16:03:24,075 - info - INFO - Return the dataframe
2024-10-12 16:04:19,708 - info - INFO - Overview of the dataframe
2024-10-12 16:04:19,708 - info - INFO - Overview of the dataframe
2024-10-12 16:04:19,708 - info - INFO - Overview of the dataframe
2024-10-12 16:04:19,708 - info - INFO - Overview of the dataframe
2024-10-12 16:04:19,708 - info - INFO - Overview of the dataframe
2024-10-12 16:04:19,708 - info - INFO - Overview of the dataframe
2024-10-12 16:04:19,708 - info - INFO - Overview of the dataframe
2024-10-12 16:04:19,708 - info - INFO - Overview of the dataframe
2024-10-12 16:04:19,708 - info - INFO - Overview of the dataframe
2024-10-12 16:04:19,708 - info - INFO - Overview of the dataframe
2024-10-12 16:04:19,708 - info - INFO - Overview of the dataframe
2024-10-12 16:04:19,708 - info - INFO - Overview of the dataframe
2024-10-12 16:04:19,708 - info - INFO - Overview of the dataframe
2024-10-12 16:04:19,708 - info - INFO - Overview of the dataframe
2024-10-12 16:04:27,383 - info - INFO - Data cleaning process
2024-10-12 16:04:27,383 - info - INFO - Data cleaning process
2024-10-12 16:04:27,383 - info - INFO - Data cleaning process
2024-10-12 16:04:27,383 - info - INFO - Data cleaning process
2024-10-12 16:04:27,383 - info - INFO - Data cleaning process
2024-10-12 16:04:27,383 - info - INFO - Data cleaning process
2024-10-12 16:04:27,383 - info - INFO - Data cleaning process
2024-10-12 16:04:27,383 - info - INFO - Data cleaning process
2024-10-12 16:04:27,383 - info - INFO - Data cleaning process
2024-10-12 16:04:27,383 - info - INFO - Data cleaning process
2024-10-12 16:04:27,383 - info - INFO - Data cleaning process
2024-10-12 16:04:27,383 - info - INFO - Data cleaning process
2024-10-12 16:04:27,383 - info - INFO - Data cleaning process
2024-10-12 16:04:27,383 - info - INFO - Data cleaning process
2024-10-12 16:04:30,799 - info - INFO - Return the dataframe
2024-10-12 16:04:30,799 - info - INFO - Return the dataframe
2024-10-12 16:04:30,799 - info - INFO - Return the dataframe
2024-10-12 16:04:30,799 - info - INFO - Return the dataframe
2024-10-12 16:04:30,799 - info - INFO - Return the dataframe
2024-10-12 16:04:30,799 - info - INFO - Return the dataframe
2024-10-12 16:04:30,799 - info - INFO - Return the dataframe
2024-10-12 16:04:30,799 - info - INFO - Return the dataframe
2024-10-12 16:04:30,799 - info - INFO - Return the dataframe
2024-10-12 16:04:30,799 - info - INFO - Return the dataframe
2024-10-12 16:04:30,799 - info - INFO - Return the dataframe
2024-10-12 16:04:30,799 - info - INFO - Return the dataframe
2024-10-12 16:04:30,799 - info - INFO - Return the dataframe
2024-10-12 16:04:30,799 - info - INFO - Return the dataframe
2024-10-12 16:04:57,168 - info - INFO - Overview of the dataframe
2024-10-12 16:04:57,168 - info - INFO - Overview of the dataframe
2024-10-12 16:04:57,168 - info - INFO - Overview of the dataframe
2024-10-12 16:04:57,168 - info - INFO - Overview of the dataframe
2024-10-12 16:04:57,168 - info - INFO - Overview of the dataframe
2024-10-12 16:04:57,168 - info - INFO - Overview of the dataframe
2024-10-12 16:04:57,168 - info - INFO - Overview of the dataframe
2024-10-12 16:04:57,168 - info - INFO - Overview of the dataframe
2024-10-12 16:04:57,168 - info - INFO - Overview of the dataframe
2024-10-12 16:04:57,168 - info - INFO - Overview of the dataframe
2024-10-12 16:04:57,168 - info - INFO - Overview of the dataframe
2024-10-12 16:04:57,168 - info - INFO - Overview of the dataframe
2024-10-12 16:04:57,168 - info - INFO - Overview of the dataframe
2024-10-12 16:04:57,168 - info - INFO - Overview of the dataframe
2024-10-12 16:04:57,168 - info - INFO - Overview of the dataframe
2024-10-12 16:05:01,882 - info - INFO - Data cleaning process
2024-10-12 16:05:01,882 - info - INFO - Data cleaning process
2024-10-12 16:05:01,882 - info - INFO - Data cleaning process
2024-10-12 16:05:01,882 - info - INFO - Data cleaning process
2024-10-12 16:05:01,882 - info - INFO - Data cleaning process
2024-10-12 16:05:01,882 - info - INFO - Data cleaning process
2024-10-12 16:05:01,882 - info - INFO - Data cleaning process
2024-10-12 16:05:01,882 - info - INFO - Data cleaning process
2024-10-12 16:05:01,882 - info - INFO - Data cleaning process
2024-10-12 16:05:01,882 - info - INFO - Data cleaning process
2024-10-12 16:05:01,882 - info - INFO - Data cleaning process
2024-10-12 16:05:01,882 - info - INFO - Data cleaning process
2024-10-12 16:05:01,882 - info - INFO - Data cleaning process
2024-10-12 16:05:01,882 - info - INFO - Data cleaning process
2024-10-12 16:05:01,882 - info - INFO - Data cleaning process
2024-10-12 16:05:04,073 - info - INFO - Return the dataframe
2024-10-12 16:05:04,073 - info - INFO - Return the dataframe
2024-10-12 16:05:04,073 - info - INFO - Return the dataframe
2024-10-12 16:05:04,073 - info - INFO - Return the dataframe
2024-10-12 16:05:04,073 - info - INFO - Return the dataframe
2024-10-12 16:05:04,073 - info - INFO - Return the dataframe
2024-10-12 16:05:04,073 - info - INFO - Return the dataframe
2024-10-12 16:05:04,073 - info - INFO - Return the dataframe
2024-10-12 16:05:04,073 - info - INFO - Return the dataframe
2024-10-12 16:05:04,073 - info - INFO - Return the dataframe
2024-10-12 16:05:04,073 - info - INFO - Return the dataframe
2024-10-12 16:05:04,073 - info - INFO - Return the dataframe
2024-10-12 16:05:04,073 - info - INFO - Return the dataframe
2024-10-12 16:05:04,073 - info - INFO - Return the dataframe
2024-10-12 16:05:04,073 - info - INFO - Return the dataframe
2024-10-12 16:06:28,971 - info - INFO - Data cleaning process
2024-10-12 16:06:28,971 - info - INFO - Data cleaning process
2024-10-12 16:06:28,971 - info - INFO - Data cleaning process
2024-10-12 16:06:28,971 - info - INFO - Data cleaning process
2024-10-12 16:06:28,971 - info - INFO - Data cleaning process
2024-10-12 16:06:28,971 - info - INFO - Data cleaning process
2024-10-12 16:06:28,971 - info - INFO - Data cleaning process
2024-10-12 16:06:28,971 - info - INFO - Data cleaning process
2024-10-12 16:06:28,971 - info - INFO - Data cleaning process
2024-10-12 16:06:28,971 - info - INFO - Data cleaning process
2024-10-12 16:06:28,971 - info - INFO - Data cleaning process
2024-10-12 16:06:28,971 - info - INFO - Data cleaning process
2024-10-12 16:06:28,971 - info - INFO - Data cleaning process
2024-10-12 16:06:28,971 - info - INFO - Data cleaning process
2024-10-12 16:06:28,971 - info - INFO - Data cleaning process
2024-10-12 16:06:28,980 - info - INFO - Return the dataframe
2024-10-12 16:06:28,980 - info - INFO - Return the dataframe
2024-10-12 16:06:28,980 - info - INFO - Return the dataframe
2024-10-12 16:06:28,980 - info - INFO - Return the dataframe
2024-10-12 16:06:28,980 - info - INFO - Return the dataframe
2024-10-12 16:06:28,980 - info - INFO - Return the dataframe
2024-10-12 16:06:28,980 - info - INFO - Return the dataframe
2024-10-12 16:06:28,980 - info - INFO - Return the dataframe
2024-10-12 16:06:28,980 - info - INFO - Return the dataframe
2024-10-12 16:06:28,980 - info - INFO - Return the dataframe
2024-10-12 16:06:28,980 - info - INFO - Return the dataframe
2024-10-12 16:06:28,980 - info - INFO - Return the dataframe
2024-10-12 16:06:28,980 - info - INFO - Return the dataframe
2024-10-12 16:06:28,980 - info - INFO - Return the dataframe
2024-10-12 16:06:28,980 - info - INFO - Return the dataframe
2024-10-12 16:31:05,346 - info - INFO - Overview of the dataframe
2024-10-12 16:31:05,346 - info - INFO - Overview of the dataframe
2024-10-12 16:31:05,346 - info - INFO - Overview of the dataframe
2024-10-12 16:31:05,346 - info - INFO - Overview of the dataframe
2024-10-12 16:31:05,346 - info - INFO - Overview of the dataframe
2024-10-12 16:31:05,346 - info - INFO - Overview of the dataframe
2024-10-12 16:31:05,346 - info - INFO - Overview of the dataframe
2024-10-12 16:31:05,346 - info - INFO - Overview of the dataframe
2024-10-12 16:31:05,346 - info - INFO - Overview of the dataframe
2024-10-12 16:31:05,346 - info - INFO - Overview of the dataframe
2024-10-12 16:31:05,346 - info - INFO - Overview of the dataframe
2024-10-12 16:31:05,346 - info - INFO - Overview of the dataframe
2024-10-12 16:31:05,346 - info - INFO - Overview of the dataframe
2024-10-12 16:31:05,346 - info - INFO - Overview of the dataframe
2024-10-12 16:31:05,346 - info - INFO - Overview of the dataframe
2024-10-12 16:31:05,346 - info - INFO - Overview of the dataframe
2024-10-12 16:31:05,387 - info - INFO - Data cleaning process
2024-10-12 16:31:05,387 - info - INFO - Data cleaning process
2024-10-12 16:31:05,387 - info - INFO - Data cleaning process
2024-10-12 16:31:05,387 - info - INFO - Data cleaning process
2024-10-12 16:31:05,387 - info - INFO - Data cleaning process
2024-10-12 16:31:05,387 - info - INFO - Data cleaning process
2024-10-12 16:31:05,387 - info - INFO - Data cleaning process
2024-10-12 16:31:05,387 - info - INFO - Data cleaning process
2024-10-12 16:31:05,387 - info - INFO - Data cleaning process
2024-10-12 16:31:05,387 - info - INFO - Data cleaning process
2024-10-12 16:31:05,387 - info - INFO - Data cleaning process
2024-10-12 16:31:05,387 - info - INFO - Data cleaning process
2024-10-12 16:31:05,387 - info - INFO - Data cleaning process
2024-10-12 16:31:05,387 - info - INFO - Data cleaning process
2024-10-12 16:31:05,387 - info - INFO - Data cleaning process
2024-10-12 16:31:05,387 - info - INFO - Data cleaning process
2024-10-12 16:31:05,395 - info - INFO - Return the dataframe
2024-10-12 16:31:05,395 - info - INFO - Return the dataframe
2024-10-12 16:31:05,395 - info - INFO - Return the dataframe
2024-10-12 16:31:05,395 - info - INFO - Return the dataframe
2024-10-12 16:31:05,395 - info - INFO - Return the dataframe
2024-10-12 16:31:05,395 - info - INFO - Return the dataframe
2024-10-12 16:31:05,395 - info - INFO - Return the dataframe
2024-10-12 16:31:05,395 - info - INFO - Return the dataframe
2024-10-12 16:31:05,395 - info - INFO - Return the dataframe
2024-10-12 16:31:05,395 - info - INFO - Return the dataframe
2024-10-12 16:31:05,395 - info - INFO - Return the dataframe
2024-10-12 16:31:05,395 - info - INFO - Return the dataframe
2024-10-12 16:31:05,395 - info - INFO - Return the dataframe
2024-10-12 16:31:05,395 - info - INFO - Return the dataframe
2024-10-12 16:31:05,395 - info - INFO - Return the dataframe
2024-10-12 16:31:05,395 - info - INFO - Return the dataframe
2024-10-12 16:31:42,152 - info - INFO - Overview of the dataframe
2024-10-12 16:31:42,152 - info - INFO - Overview of the dataframe
2024-10-12 16:31:42,152 - info - INFO - Overview of the dataframe
2024-10-12 16:31:42,152 - info - INFO - Overview of the dataframe
2024-10-12 16:31:42,152 - info - INFO - Overview of the dataframe
2024-10-12 16:31:42,152 - info - INFO - Overview of the dataframe
2024-10-12 16:31:42,152 - info - INFO - Overview of the dataframe
2024-10-12 16:31:42,152 - info - INFO - Overview of the dataframe
2024-10-12 16:31:42,152 - info - INFO - Overview of the dataframe
2024-10-12 16:31:42,152 - info - INFO - Overview of the dataframe
2024-10-12 16:31:42,152 - info - INFO - Overview of the dataframe
2024-10-12 16:31:42,152 - info - INFO - Overview of the dataframe
2024-10-12 16:31:42,152 - info - INFO - Overview of the dataframe
2024-10-12 16:31:42,152 - info - INFO - Overview of the dataframe
2024-10-12 16:31:42,152 - info - INFO - Overview of the dataframe
2024-10-12 16:31:42,152 - info - INFO - Overview of the dataframe
2024-10-12 16:31:42,152 - info - INFO - Overview of the dataframe
2024-10-12 16:31:42,257 - info - INFO - Data cleaning process
2024-10-12 16:31:42,257 - info - INFO - Data cleaning process
2024-10-12 16:31:42,257 - info - INFO - Data cleaning process
2024-10-12 16:31:42,257 - info - INFO - Data cleaning process
2024-10-12 16:31:42,257 - info - INFO - Data cleaning process
2024-10-12 16:31:42,257 - info - INFO - Data cleaning process
2024-10-12 16:31:42,257 - info - INFO - Data cleaning process
2024-10-12 16:31:42,257 - info - INFO - Data cleaning process
2024-10-12 16:31:42,257 - info - INFO - Data cleaning process
2024-10-12 16:31:42,257 - info - INFO - Data cleaning process
2024-10-12 16:31:42,257 - info - INFO - Data cleaning process
2024-10-12 16:31:42,257 - info - INFO - Data cleaning process
2024-10-12 16:31:42,257 - info - INFO - Data cleaning process
2024-10-12 16:31:42,257 - info - INFO - Data cleaning process
2024-10-12 16:31:42,257 - info - INFO - Data cleaning process
2024-10-12 16:31:42,257 - info - INFO - Data cleaning process
2024-10-12 16:31:42,257 - info - INFO - Data cleaning process
2024-10-12 16:31:42,266 - info - INFO - Return the dataframe
2024-10-12 16:31:42,266 - info - INFO - Return the dataframe
2024-10-12 16:31:42,266 - info - INFO - Return the dataframe
2024-10-12 16:31:42,266 - info - INFO - Return the dataframe
2024-10-12 16:31:42,266 - info - INFO - Return the dataframe
2024-10-12 16:31:42,266 - info - INFO - Return the dataframe
2024-10-12 16:31:42,266 - info - INFO - Return the dataframe
2024-10-12 16:31:42,266 - info - INFO - Return the dataframe
2024-10-12 16:31:42,266 - info - INFO - Return the dataframe
2024-10-12 16:31:42,266 - info - INFO - Return the dataframe
2024-10-12 16:31:42,266 - info - INFO - Return the dataframe
2024-10-12 16:31:42,266 - info - INFO - Return the dataframe
2024-10-12 16:31:42,266 - info - INFO - Return the dataframe
2024-10-12 16:31:42,266 - info - INFO - Return the dataframe
2024-10-12 16:31:42,266 - info - INFO - Return the dataframe
2024-10-12 16:31:42,266 - info - INFO - Return the dataframe
2024-10-12 16:31:42,266 - info - INFO - Return the dataframe
2024-10-12 16:31:43,602 - info - INFO - Closing logging
2024-10-12 16:31:43,602 - info - INFO - Closing logging
2024-10-12 16:31:43,602 - info - INFO - Closing logging
2024-10-12 16:31:43,602 - info - INFO - Closing logging
2024-10-12 16:31:43,602 - info - INFO - Closing logging
2024-10-12 16:31:43,602 - info - INFO - Closing logging
2024-10-12 16:31:43,602 - info - INFO - Closing logging
2024-10-12 16:31:43,602 - info - INFO - Closing logging
2024-10-12 16:31:43,602 - info - INFO - Closing logging
2024-10-12 16:31:43,602 - info - INFO - Closing logging
2024-10-12 16:31:43,602 - info - INFO - Closing logging
2024-10-12 16:31:43,602 - info - INFO - Closing logging
2024-10-12 16:31:43,602 - info - INFO - Closing logging
2024-10-12 16:31:43,602 - info - INFO - Closing logging
2024-10-12 16:31:43,602 - info - INFO - Closing logging
2024-10-12 16:31:43,602 - info - INFO - Closing logging
2024-10-12 16:31:43,602 - info - INFO - Closing logging
2024-10-12 16:37:40,859 - info - INFO - Overview of the dataframe
2024-10-12 16:39:51,042 - info - INFO - Overview of the dataframe
2024-10-12 16:39:51,042 - info - INFO - Overview of the dataframe
2024-10-12 16:39:51,067 - info - INFO - Data cleaning process
2024-10-12 16:39:51,067 - info - INFO - Data cleaning process
2024-10-12 16:39:51,075 - info - INFO - Return the dataframe
2024-10-12 16:39:51,075 - info - INFO - Return the dataframe
2024-10-12 16:39:51,288 - info - INFO - Closing logging
2024-10-12 16:39:51,288 - info - INFO - Closing logging
2024-10-12 16:49:08,818 - info - INFO - Overview of the dataframe
2024-10-12 16:51:30,993 - info - INFO - Overview of the dataframe
2024-10-12 16:51:30,993 - info - INFO - Overview of the dataframe
2024-10-12 16:52:26,888 - info - INFO - Overview of the dataframe
2024-10-12 16:52:26,888 - info - INFO - Overview of the dataframe
2024-10-12 16:52:26,888 - info - INFO - Overview of the dataframe
2024-10-12 16:52:26,919 - info - INFO - Data cleaning process
2024-10-12 16:52:26,919 - info - INFO - Data cleaning process
2024-10-12 16:52:26,919 - info - INFO - Data cleaning process
2024-10-12 16:52:26,928 - info - INFO - Return the dataframe
2024-10-12 16:52:26,928 - info - INFO - Return the dataframe
2024-10-12 16:52:26,928 - info - INFO - Return the dataframe
2024-10-12 16:52:27,869 - info - INFO - Closing logging
2024-10-12 16:52:27,869 - info - INFO - Closing logging
2024-10-12 16:52:27,869 - info - INFO - Closing logging
2024-10-12 16:53:03,292 - info - INFO - Overview of the dataframe
2024-10-12 16:53:03,328 - info - INFO - Data cleaning process
2024-10-12 16:53:03,336 - info - INFO - Return the dataframe
2024-10-12 16:53:03,994 - info - INFO - Closing logging
2024-10-12 16:56:17,433 - info - INFO - Overview of the dataframe
2024-10-12 16:56:17,464 - info - INFO - Data cleaning process
2024-10-12 16:56:17,473 - info - INFO - Return the dataframe
2024-10-12 16:56:17,797 - info - INFO - Closing logging
2024-10-12 16:56:59,833 - info - INFO - Overview of the dataframe
2024-10-12 16:56:59,867 - info - INFO - Data cleaning process
2024-10-12 16:56:59,876 - info - INFO - Return the dataframe
2024-10-12 16:57:00,107 - info - INFO - Closing logging
2024-10-12 16:57:07,925 - info - INFO - Overview of the dataframe
2024-10-12 16:57:07,949 - info - INFO - Data cleaning process
2024-10-12 16:57:07,956 - info - INFO - Return the dataframe
2024-10-12 16:57:08,484 - info - INFO - Closing logging
2024-10-12 16:57:37,784 - info - INFO - Overview of the dataframe
2024-10-12 16:57:37,849 - info - INFO - Data cleaning process
2024-10-12 16:57:37,858 - info - INFO - Return the dataframe
2024-10-12 16:57:38,340 - info - INFO - Data successfully exported to table scraped_medical_data in the database.
2024-10-12 16:57:38,359 - info - INFO - Closing logging
2024-10-12 17:13:15,926 - info - INFO - Overview of the dataframe
2024-10-12 17:13:15,968 - info - INFO - Data cleaning process
2024-10-12 17:13:15,977 - info - INFO - Return the dataframe
2024-10-12 17:13:16,497 - info - INFO - Data successfully exported to table scraped_medical_data in the database.
2024-10-12 17:13:16,616 - info - INFO - Closing logging
2024-10-12 17:34:48,707 - info - INFO - Overview of the dataframe
2024-10-12 17:34:51,924 - info - INFO - Data cleaning process
2024-10-12 17:34:51,942 - info - INFO - Return the dataframe
2024-10-12 18:28:32,822 - info - INFO - Data cleaning process
2024-10-12 18:28:32,913 - info - INFO - Return the dataframe
2024-10-12 18:28:58,967 - info - INFO - Data cleaning process
2024-10-12 18:28:58,973 - info - INFO - Return the dataframe
2024-10-12 18:29:40,772 - info - INFO - Data cleaning process
2024-10-12 18:29:40,776 - info - INFO - Return the dataframe
2024-10-12 18:29:47,844 - info - INFO - Data cleaning process
2024-10-12 18:29:47,848 - info - INFO - Return the dataframe
2024-10-12 18:31:18,077 - info - INFO - Closing logging
2024-10-12 18:42:19,973 - info - INFO - Overview of the dataframe
2024-10-12 18:42:20,011 - info - INFO - Data cleaning process
2024-10-12 18:42:20,023 - info - INFO - Return the dataframe
2024-10-12 18:42:20,842 - info - INFO - Data successfully exported to table scraped_medical_data in the database.
2024-10-12 18:42:20,857 - info - INFO - Closing logging
